

Processing ApplicationController#index (for 90.4.127.160 at 2009-11-15 15:55:41) [GET]

ActionController::RoutingError (No route matches "/rails/info/properties" with {:method=>:get}):
  passenger (2.2.5) lib/phusion_passenger/rack/request_handler.rb:95:in `process_request'
  passenger (2.2.5) lib/phusion_passenger/abstract_request_handler.rb:207:in `main_loop'
  passenger (2.2.5) lib/phusion_passenger/railz/application_spawner.rb:378:in `start_request_handler'
  passenger (2.2.5) lib/phusion_passenger/railz/application_spawner.rb:336:in `handle_spawn_application'
  passenger (2.2.5) lib/phusion_passenger/utils.rb:183:in `safe_fork'
  passenger (2.2.5) lib/phusion_passenger/railz/application_spawner.rb:334:in `handle_spawn_application'
  passenger (2.2.5) lib/phusion_passenger/abstract_server.rb:352:in `__send__'
  passenger (2.2.5) lib/phusion_passenger/abstract_server.rb:352:in `main_loop'
  passenger (2.2.5) lib/phusion_passenger/abstract_server.rb:196:in `start_synchronously'
  passenger (2.2.5) lib/phusion_passenger/abstract_server.rb:163:in `start'
  passenger (2.2.5) lib/phusion_passenger/railz/application_spawner.rb:213:in `start'
  passenger (2.2.5) lib/phusion_passenger/spawn_manager.rb:262:in `spawn_rails_application'
  passenger (2.2.5) lib/phusion_passenger/abstract_server_collection.rb:126:in `lookup_or_add'
  passenger (2.2.5) lib/phusion_passenger/spawn_manager.rb:256:in `spawn_rails_application'
  passenger (2.2.5) lib/phusion_passenger/abstract_server_collection.rb:80:in `synchronize'
  passenger (2.2.5) lib/phusion_passenger/abstract_server_collection.rb:79:in `synchronize'
  passenger (2.2.5) lib/phusion_passenger/spawn_manager.rb:255:in `spawn_rails_application'
  passenger (2.2.5) lib/phusion_passenger/spawn_manager.rb:154:in `spawn_application'
  passenger (2.2.5) lib/phusion_passenger/spawn_manager.rb:287:in `handle_spawn_application'
  passenger (2.2.5) lib/phusion_passenger/abstract_server.rb:352:in `__send__'
  passenger (2.2.5) lib/phusion_passenger/abstract_server.rb:352:in `main_loop'
  passenger (2.2.5) lib/phusion_passenger/abstract_server.rb:196:in `start_synchronously'

Rendering /home/www/marevela/public/404.html (404 Not Found)


Processing ApplicationController#index (for 90.4.127.160 at 2009-11-15 16:47:10) [GET]

ActionController::RoutingError (No route matches "/" with {:method=>:get}):
  passenger (2.2.5) lib/phusion_passenger/rack/request_handler.rb:95:in `process_request'
  passenger (2.2.5) lib/phusion_passenger/abstract_request_handler.rb:207:in `main_loop'
  passenger (2.2.5) lib/phusion_passenger/railz/application_spawner.rb:378:in `start_request_handler'
  passenger (2.2.5) lib/phusion_passenger/railz/application_spawner.rb:336:in `handle_spawn_application'
  passenger (2.2.5) lib/phusion_passenger/utils.rb:183:in `safe_fork'
  passenger (2.2.5) lib/phusion_passenger/railz/application_spawner.rb:334:in `handle_spawn_application'
  passenger (2.2.5) lib/phusion_passenger/abstract_server.rb:352:in `__send__'
  passenger (2.2.5) lib/phusion_passenger/abstract_server.rb:352:in `main_loop'
  passenger (2.2.5) lib/phusion_passenger/abstract_server.rb:196:in `start_synchronously'
  passenger (2.2.5) lib/phusion_passenger/abstract_server.rb:163:in `start'
  passenger (2.2.5) lib/phusion_passenger/railz/application_spawner.rb:213:in `start'
  passenger (2.2.5) lib/phusion_passenger/spawn_manager.rb:262:in `spawn_rails_application'
  passenger (2.2.5) lib/phusion_passenger/abstract_server_collection.rb:126:in `lookup_or_add'
  passenger (2.2.5) lib/phusion_passenger/spawn_manager.rb:256:in `spawn_rails_application'
  passenger (2.2.5) lib/phusion_passenger/abstract_server_collection.rb:80:in `synchronize'
  passenger (2.2.5) lib/phusion_passenger/abstract_server_collection.rb:79:in `synchronize'
  passenger (2.2.5) lib/phusion_passenger/spawn_manager.rb:255:in `spawn_rails_application'
  passenger (2.2.5) lib/phusion_passenger/spawn_manager.rb:154:in `spawn_application'
  passenger (2.2.5) lib/phusion_passenger/spawn_manager.rb:287:in `handle_spawn_application'
  passenger (2.2.5) lib/phusion_passenger/abstract_server.rb:352:in `__send__'
  passenger (2.2.5) lib/phusion_passenger/abstract_server.rb:352:in `main_loop'
  passenger (2.2.5) lib/phusion_passenger/abstract_server.rb:196:in `start_synchronously'

Rendering /home/www/marevela/public/404.html (404 Not Found)


Processing ApplicationController#index (for 90.4.127.160 at 2009-11-15 19:28:32) [GET]

ActionController::RoutingError (No route matches "/event" with {:method=>:get}):
  passenger (2.2.5) lib/phusion_passenger/rack/request_handler.rb:95:in `process_request'
  passenger (2.2.5) lib/phusion_passenger/abstract_request_handler.rb:207:in `main_loop'
  passenger (2.2.5) lib/phusion_passenger/railz/application_spawner.rb:378:in `start_request_handler'
  passenger (2.2.5) lib/phusion_passenger/railz/application_spawner.rb:336:in `handle_spawn_application'
  passenger (2.2.5) lib/phusion_passenger/utils.rb:183:in `safe_fork'
  passenger (2.2.5) lib/phusion_passenger/railz/application_spawner.rb:334:in `handle_spawn_application'
  passenger (2.2.5) lib/phusion_passenger/abstract_server.rb:352:in `__send__'
  passenger (2.2.5) lib/phusion_passenger/abstract_server.rb:352:in `main_loop'
  passenger (2.2.5) lib/phusion_passenger/abstract_server.rb:196:in `start_synchronously'
  passenger (2.2.5) lib/phusion_passenger/abstract_server.rb:163:in `start'
  passenger (2.2.5) lib/phusion_passenger/railz/application_spawner.rb:213:in `start'
  passenger (2.2.5) lib/phusion_passenger/spawn_manager.rb:262:in `spawn_rails_application'
  passenger (2.2.5) lib/phusion_passenger/abstract_server_collection.rb:126:in `lookup_or_add'
  passenger (2.2.5) lib/phusion_passenger/spawn_manager.rb:256:in `spawn_rails_application'
  passenger (2.2.5) lib/phusion_passenger/abstract_server_collection.rb:80:in `synchronize'
  passenger (2.2.5) lib/phusion_passenger/abstract_server_collection.rb:79:in `synchronize'
  passenger (2.2.5) lib/phusion_passenger/spawn_manager.rb:255:in `spawn_rails_application'
  passenger (2.2.5) lib/phusion_passenger/spawn_manager.rb:154:in `spawn_application'
  passenger (2.2.5) lib/phusion_passenger/spawn_manager.rb:287:in `handle_spawn_application'
  passenger (2.2.5) lib/phusion_passenger/abstract_server.rb:352:in `__send__'
  passenger (2.2.5) lib/phusion_passenger/abstract_server.rb:352:in `main_loop'
  passenger (2.2.5) lib/phusion_passenger/abstract_server.rb:196:in `start_synchronously'

Rendering /home/www/marevela/public/404.html (404 Not Found)


Processing EventsController#index (for 90.4.127.160 at 2009-11-15 19:28:35) [GET]
Rendering template within layouts/events
Rendering events/index
Completed in 732ms (View: 720, DB: 1) | 200 OK [http://marevela.adhock.org/events]


Processing ApplicationController#index (for 66.249.68.131 at 2009-11-15 22:03:07) [GET]

ActionController::RoutingError (No route matches "/rails/info/properties" with {:method=>:get}):
  passenger (2.2.5) lib/phusion_passenger/rack/request_handler.rb:95:in `process_request'
  passenger (2.2.5) lib/phusion_passenger/abstract_request_handler.rb:207:in `main_loop'
  passenger (2.2.5) lib/phusion_passenger/railz/application_spawner.rb:378:in `start_request_handler'
  passenger (2.2.5) lib/phusion_passenger/railz/application_spawner.rb:336:in `handle_spawn_application'
  passenger (2.2.5) lib/phusion_passenger/utils.rb:183:in `safe_fork'
  passenger (2.2.5) lib/phusion_passenger/railz/application_spawner.rb:334:in `handle_spawn_application'
  passenger (2.2.5) lib/phusion_passenger/abstract_server.rb:352:in `__send__'
  passenger (2.2.5) lib/phusion_passenger/abstract_server.rb:352:in `main_loop'
  passenger (2.2.5) lib/phusion_passenger/abstract_server.rb:196:in `start_synchronously'
  passenger (2.2.5) lib/phusion_passenger/abstract_server.rb:163:in `start'
  passenger (2.2.5) lib/phusion_passenger/railz/application_spawner.rb:213:in `start'
  passenger (2.2.5) lib/phusion_passenger/spawn_manager.rb:262:in `spawn_rails_application'
  passenger (2.2.5) lib/phusion_passenger/abstract_server_collection.rb:126:in `lookup_or_add'
  passenger (2.2.5) lib/phusion_passenger/spawn_manager.rb:256:in `spawn_rails_application'
  passenger (2.2.5) lib/phusion_passenger/abstract_server_collection.rb:80:in `synchronize'
  passenger (2.2.5) lib/phusion_passenger/abstract_server_collection.rb:79:in `synchronize'
  passenger (2.2.5) lib/phusion_passenger/spawn_manager.rb:255:in `spawn_rails_application'
  passenger (2.2.5) lib/phusion_passenger/spawn_manager.rb:154:in `spawn_application'
  passenger (2.2.5) lib/phusion_passenger/spawn_manager.rb:287:in `handle_spawn_application'
  passenger (2.2.5) lib/phusion_passenger/abstract_server.rb:352:in `__send__'
  passenger (2.2.5) lib/phusion_passenger/abstract_server.rb:352:in `main_loop'
  passenger (2.2.5) lib/phusion_passenger/abstract_server.rb:196:in `start_synchronously'

Rendering /home/www/marevela/public/404.html (404 Not Found)


Processing EventsController#new (for 90.4.127.160 at 2009-11-15 23:16:40) [GET]
Rendering template within layouts/events
Rendering events/new
Completed in 374ms (View: 361, DB: 3) | 200 OK [http://marevela.adhock.org/events/new]


Processing EventsController#index (for 90.4.127.160 at 2009-11-15 23:16:45) [GET]
Rendering template within layouts/events
Rendering events/index
Completed in 9ms (View: 6, DB: 0) | 200 OK [http://marevela.adhock.org/events]


Processing EventsController#new (for 90.4.127.160 at 2009-11-15 23:16:47) [GET]
Rendering template within layouts/events
Rendering events/new
Completed in 13ms (View: 10, DB: 0) | 200 OK [http://marevela.adhock.org/events/new]


Processing EventsController#create (for 90.4.127.160 at 2009-11-15 23:16:50) [POST]
  Parameters: {"commit"=>"Create", "authenticity_token"=>"wWGNcEOQiRPb+8D08nk5qsCNmPQmlaHCRylMUGMnDY0="}
Redirected to http://marevela.adhock.org/events/1
Completed in 25ms (DB: 14) | 302 Found [http://marevela.adhock.org/events]


Processing EventsController#show (for 90.4.127.160 at 2009-11-15 23:16:50) [GET]
  Parameters: {"id"=>"1"}
Rendering template within layouts/events
Rendering events/show
Completed in 12ms (View: 6, DB: 1) | 200 OK [http://marevela.adhock.org/events/1]


Processing EventsController#index (for 90.4.127.160 at 2009-11-15 23:16:53) [GET]
Rendering template within layouts/events
Rendering events/index
Completed in 23ms (View: 18, DB: 1) | 200 OK [http://marevela.adhock.org/events]


Processing EventsController#show (for 90.4.127.160 at 2009-11-15 23:16:55) [GET]
  Parameters: {"id"=>"1"}
Rendering template within layouts/events
Rendering events/show
Completed in 10ms (View: 5, DB: 0) | 200 OK [http://marevela.adhock.org/events/1]


Processing EventsController#index (for 90.4.127.160 at 2009-11-15 23:16:57) [GET]
Rendering template within layouts/events
Rendering events/index
Completed in 22ms (View: 18, DB: 0) | 200 OK [http://marevela.adhock.org/events]


Processing EventsController#edit (for 90.4.127.160 at 2009-11-15 23:17:06) [GET]
  Parameters: {"id"=>"1"}
Rendering template within layouts/events
Rendering events/edit
Completed in 18ms (View: 15, DB: 0) | 200 OK [http://marevela.adhock.org/events/1/edit]


Processing EventsController#index (for 90.4.127.160 at 2009-11-15 23:17:08) [GET]
Rendering template within layouts/events
Rendering events/index
Completed in 21ms (View: 18, DB: 0) | 200 OK [http://marevela.adhock.org/events]


Processing ApplicationController#index (for 90.4.127.160 at 2009-11-15 23:21:09) [GET]

ActionController::RoutingError (No route matches "/visitor" with {:method=>:get}):
  passenger (2.2.5) lib/phusion_passenger/rack/request_handler.rb:95:in `process_request'
  passenger (2.2.5) lib/phusion_passenger/abstract_request_handler.rb:207:in `main_loop'
  passenger (2.2.5) lib/phusion_passenger/railz/application_spawner.rb:378:in `start_request_handler'
  passenger (2.2.5) lib/phusion_passenger/railz/application_spawner.rb:336:in `handle_spawn_application'
  passenger (2.2.5) lib/phusion_passenger/utils.rb:183:in `safe_fork'
  passenger (2.2.5) lib/phusion_passenger/railz/application_spawner.rb:334:in `handle_spawn_application'
  passenger (2.2.5) lib/phusion_passenger/abstract_server.rb:352:in `__send__'
  passenger (2.2.5) lib/phusion_passenger/abstract_server.rb:352:in `main_loop'
  passenger (2.2.5) lib/phusion_passenger/abstract_server.rb:196:in `start_synchronously'
  passenger (2.2.5) lib/phusion_passenger/abstract_server.rb:163:in `start'
  passenger (2.2.5) lib/phusion_passenger/railz/application_spawner.rb:213:in `start'
  passenger (2.2.5) lib/phusion_passenger/spawn_manager.rb:262:in `spawn_rails_application'
  passenger (2.2.5) lib/phusion_passenger/abstract_server_collection.rb:126:in `lookup_or_add'
  passenger (2.2.5) lib/phusion_passenger/spawn_manager.rb:256:in `spawn_rails_application'
  passenger (2.2.5) lib/phusion_passenger/abstract_server_collection.rb:80:in `synchronize'
  passenger (2.2.5) lib/phusion_passenger/abstract_server_collection.rb:79:in `synchronize'
  passenger (2.2.5) lib/phusion_passenger/spawn_manager.rb:255:in `spawn_rails_application'
  passenger (2.2.5) lib/phusion_passenger/spawn_manager.rb:154:in `spawn_application'
  passenger (2.2.5) lib/phusion_passenger/spawn_manager.rb:287:in `handle_spawn_application'
  passenger (2.2.5) lib/phusion_passenger/abstract_server.rb:352:in `__send__'
  passenger (2.2.5) lib/phusion_passenger/abstract_server.rb:352:in `main_loop'
  passenger (2.2.5) lib/phusion_passenger/abstract_server.rb:196:in `start_synchronously'

Rendering /home/www/marevela/public/404.html (404 Not Found)


Processing ApplicationController#index (for 90.4.127.160 at 2009-11-15 23:24:08) [GET]

ActionController::RoutingError (No route matches "/visitor" with {:method=>:get}):
  passenger (2.2.5) lib/phusion_passenger/rack/request_handler.rb:95:in `process_request'
  passenger (2.2.5) lib/phusion_passenger/abstract_request_handler.rb:207:in `main_loop'
  passenger (2.2.5) lib/phusion_passenger/railz/application_spawner.rb:378:in `start_request_handler'
  passenger (2.2.5) lib/phusion_passenger/railz/application_spawner.rb:336:in `handle_spawn_application'
  passenger (2.2.5) lib/phusion_passenger/utils.rb:183:in `safe_fork'
  passenger (2.2.5) lib/phusion_passenger/railz/application_spawner.rb:334:in `handle_spawn_application'
  passenger (2.2.5) lib/phusion_passenger/abstract_server.rb:352:in `__send__'
  passenger (2.2.5) lib/phusion_passenger/abstract_server.rb:352:in `main_loop'
  passenger (2.2.5) lib/phusion_passenger/abstract_server.rb:196:in `start_synchronously'
  passenger (2.2.5) lib/phusion_passenger/abstract_server.rb:163:in `start'
  passenger (2.2.5) lib/phusion_passenger/railz/application_spawner.rb:213:in `start'
  passenger (2.2.5) lib/phusion_passenger/spawn_manager.rb:262:in `spawn_rails_application'
  passenger (2.2.5) lib/phusion_passenger/abstract_server_collection.rb:126:in `lookup_or_add'
  passenger (2.2.5) lib/phusion_passenger/spawn_manager.rb:256:in `spawn_rails_application'
  passenger (2.2.5) lib/phusion_passenger/abstract_server_collection.rb:80:in `synchronize'
  passenger (2.2.5) lib/phusion_passenger/abstract_server_collection.rb:79:in `synchronize'
  passenger (2.2.5) lib/phusion_passenger/spawn_manager.rb:255:in `spawn_rails_application'
  passenger (2.2.5) lib/phusion_passenger/spawn_manager.rb:154:in `spawn_application'
  passenger (2.2.5) lib/phusion_passenger/spawn_manager.rb:287:in `handle_spawn_application'
  passenger (2.2.5) lib/phusion_passenger/abstract_server.rb:352:in `__send__'
  passenger (2.2.5) lib/phusion_passenger/abstract_server.rb:352:in `main_loop'
  passenger (2.2.5) lib/phusion_passenger/abstract_server.rb:196:in `start_synchronously'

Rendering /home/www/marevela/public/404.html (404 Not Found)


Processing ApplicationController#index (for 90.4.127.160 at 2009-11-15 23:24:11) [GET]

ActionController::RoutingError (No route matches "/visitor" with {:method=>:get}):
  passenger (2.2.5) lib/phusion_passenger/rack/request_handler.rb:95:in `process_request'
  passenger (2.2.5) lib/phusion_passenger/abstract_request_handler.rb:207:in `main_loop'
  passenger (2.2.5) lib/phusion_passenger/railz/application_spawner.rb:378:in `start_request_handler'
  passenger (2.2.5) lib/phusion_passenger/railz/application_spawner.rb:336:in `handle_spawn_application'
  passenger (2.2.5) lib/phusion_passenger/utils.rb:183:in `safe_fork'
  passenger (2.2.5) lib/phusion_passenger/railz/application_spawner.rb:334:in `handle_spawn_application'
  passenger (2.2.5) lib/phusion_passenger/abstract_server.rb:352:in `__send__'
  passenger (2.2.5) lib/phusion_passenger/abstract_server.rb:352:in `main_loop'
  passenger (2.2.5) lib/phusion_passenger/abstract_server.rb:196:in `start_synchronously'
  passenger (2.2.5) lib/phusion_passenger/abstract_server.rb:163:in `start'
  passenger (2.2.5) lib/phusion_passenger/railz/application_spawner.rb:213:in `start'
  passenger (2.2.5) lib/phusion_passenger/spawn_manager.rb:262:in `spawn_rails_application'
  passenger (2.2.5) lib/phusion_passenger/abstract_server_collection.rb:126:in `lookup_or_add'
  passenger (2.2.5) lib/phusion_passenger/spawn_manager.rb:256:in `spawn_rails_application'
  passenger (2.2.5) lib/phusion_passenger/abstract_server_collection.rb:80:in `synchronize'
  passenger (2.2.5) lib/phusion_passenger/abstract_server_collection.rb:79:in `synchronize'
  passenger (2.2.5) lib/phusion_passenger/spawn_manager.rb:255:in `spawn_rails_application'
  passenger (2.2.5) lib/phusion_passenger/spawn_manager.rb:154:in `spawn_application'
  passenger (2.2.5) lib/phusion_passenger/spawn_manager.rb:287:in `handle_spawn_application'
  passenger (2.2.5) lib/phusion_passenger/abstract_server.rb:352:in `__send__'
  passenger (2.2.5) lib/phusion_passenger/abstract_server.rb:352:in `main_loop'
  passenger (2.2.5) lib/phusion_passenger/abstract_server.rb:196:in `start_synchronously'

Rendering /home/www/marevela/public/404.html (404 Not Found)


Processing ApplicationController#index (for 90.4.127.160 at 2009-11-15 23:24:12) [GET]

ActionController::RoutingError (No route matches "/visitor" with {:method=>:get}):
  passenger (2.2.5) lib/phusion_passenger/rack/request_handler.rb:95:in `process_request'
  passenger (2.2.5) lib/phusion_passenger/abstract_request_handler.rb:207:in `main_loop'
  passenger (2.2.5) lib/phusion_passenger/railz/application_spawner.rb:378:in `start_request_handler'
  passenger (2.2.5) lib/phusion_passenger/railz/application_spawner.rb:336:in `handle_spawn_application'
  passenger (2.2.5) lib/phusion_passenger/utils.rb:183:in `safe_fork'
  passenger (2.2.5) lib/phusion_passenger/railz/application_spawner.rb:334:in `handle_spawn_application'
  passenger (2.2.5) lib/phusion_passenger/abstract_server.rb:352:in `__send__'
  passenger (2.2.5) lib/phusion_passenger/abstract_server.rb:352:in `main_loop'
  passenger (2.2.5) lib/phusion_passenger/abstract_server.rb:196:in `start_synchronously'
  passenger (2.2.5) lib/phusion_passenger/abstract_server.rb:163:in `start'
  passenger (2.2.5) lib/phusion_passenger/railz/application_spawner.rb:213:in `start'
  passenger (2.2.5) lib/phusion_passenger/spawn_manager.rb:262:in `spawn_rails_application'
  passenger (2.2.5) lib/phusion_passenger/abstract_server_collection.rb:126:in `lookup_or_add'
  passenger (2.2.5) lib/phusion_passenger/spawn_manager.rb:256:in `spawn_rails_application'
  passenger (2.2.5) lib/phusion_passenger/abstract_server_collection.rb:80:in `synchronize'
  passenger (2.2.5) lib/phusion_passenger/abstract_server_collection.rb:79:in `synchronize'
  passenger (2.2.5) lib/phusion_passenger/spawn_manager.rb:255:in `spawn_rails_application'
  passenger (2.2.5) lib/phusion_passenger/spawn_manager.rb:154:in `spawn_application'
  passenger (2.2.5) lib/phusion_passenger/spawn_manager.rb:287:in `handle_spawn_application'
  passenger (2.2.5) lib/phusion_passenger/abstract_server.rb:352:in `__send__'
  passenger (2.2.5) lib/phusion_passenger/abstract_server.rb:352:in `main_loop'
  passenger (2.2.5) lib/phusion_passenger/abstract_server.rb:196:in `start_synchronously'

Rendering /home/www/marevela/public/404.html (404 Not Found)


Processing ApplicationController#index (for 90.4.127.160 at 2009-11-15 23:26:10) [GET]

ActionController::RoutingError (No route matches "/visitor" with {:method=>:get}):
  passenger (2.2.5) lib/phusion_passenger/rack/request_handler.rb:95:in `process_request'
  passenger (2.2.5) lib/phusion_passenger/abstract_request_handler.rb:207:in `main_loop'
  passenger (2.2.5) lib/phusion_passenger/railz/application_spawner.rb:378:in `start_request_handler'
  passenger (2.2.5) lib/phusion_passenger/railz/application_spawner.rb:336:in `handle_spawn_application'
  passenger (2.2.5) lib/phusion_passenger/utils.rb:183:in `safe_fork'
  passenger (2.2.5) lib/phusion_passenger/railz/application_spawner.rb:334:in `handle_spawn_application'
  passenger (2.2.5) lib/phusion_passenger/abstract_server.rb:352:in `__send__'
  passenger (2.2.5) lib/phusion_passenger/abstract_server.rb:352:in `main_loop'
  passenger (2.2.5) lib/phusion_passenger/abstract_server.rb:196:in `start_synchronously'
  passenger (2.2.5) lib/phusion_passenger/abstract_server.rb:163:in `start'
  passenger (2.2.5) lib/phusion_passenger/railz/application_spawner.rb:213:in `start'
  passenger (2.2.5) lib/phusion_passenger/spawn_manager.rb:262:in `spawn_rails_application'
  passenger (2.2.5) lib/phusion_passenger/abstract_server_collection.rb:126:in `lookup_or_add'
  passenger (2.2.5) lib/phusion_passenger/spawn_manager.rb:256:in `spawn_rails_application'
  passenger (2.2.5) lib/phusion_passenger/abstract_server_collection.rb:80:in `synchronize'
  passenger (2.2.5) lib/phusion_passenger/abstract_server_collection.rb:79:in `synchronize'
  passenger (2.2.5) lib/phusion_passenger/spawn_manager.rb:255:in `spawn_rails_application'
  passenger (2.2.5) lib/phusion_passenger/spawn_manager.rb:154:in `spawn_application'
  passenger (2.2.5) lib/phusion_passenger/spawn_manager.rb:287:in `handle_spawn_application'
  passenger (2.2.5) lib/phusion_passenger/abstract_server.rb:352:in `__send__'
  passenger (2.2.5) lib/phusion_passenger/abstract_server.rb:352:in `main_loop'
  passenger (2.2.5) lib/phusion_passenger/abstract_server.rb:196:in `start_synchronously'

Rendering /home/www/marevela/public/404.html (404 Not Found)


Processing ApplicationController#index (for 90.4.127.160 at 2009-11-15 23:26:13) [GET]

ActionController::RoutingError (No route matches "/visitor" with {:method=>:get}):
  passenger (2.2.5) lib/phusion_passenger/rack/request_handler.rb:95:in `process_request'
  passenger (2.2.5) lib/phusion_passenger/abstract_request_handler.rb:207:in `main_loop'
  passenger (2.2.5) lib/phusion_passenger/railz/application_spawner.rb:378:in `start_request_handler'
  passenger (2.2.5) lib/phusion_passenger/railz/application_spawner.rb:336:in `handle_spawn_application'
  passenger (2.2.5) lib/phusion_passenger/utils.rb:183:in `safe_fork'
  passenger (2.2.5) lib/phusion_passenger/railz/application_spawner.rb:334:in `handle_spawn_application'
  passenger (2.2.5) lib/phusion_passenger/abstract_server.rb:352:in `__send__'
  passenger (2.2.5) lib/phusion_passenger/abstract_server.rb:352:in `main_loop'
  passenger (2.2.5) lib/phusion_passenger/abstract_server.rb:196:in `start_synchronously'
  passenger (2.2.5) lib/phusion_passenger/abstract_server.rb:163:in `start'
  passenger (2.2.5) lib/phusion_passenger/railz/application_spawner.rb:213:in `start'
  passenger (2.2.5) lib/phusion_passenger/spawn_manager.rb:262:in `spawn_rails_application'
  passenger (2.2.5) lib/phusion_passenger/abstract_server_collection.rb:126:in `lookup_or_add'
  passenger (2.2.5) lib/phusion_passenger/spawn_manager.rb:256:in `spawn_rails_application'
  passenger (2.2.5) lib/phusion_passenger/abstract_server_collection.rb:80:in `synchronize'
  passenger (2.2.5) lib/phusion_passenger/abstract_server_collection.rb:79:in `synchronize'
  passenger (2.2.5) lib/phusion_passenger/spawn_manager.rb:255:in `spawn_rails_application'
  passenger (2.2.5) lib/phusion_passenger/spawn_manager.rb:154:in `spawn_application'
  passenger (2.2.5) lib/phusion_passenger/spawn_manager.rb:287:in `handle_spawn_application'
  passenger (2.2.5) lib/phusion_passenger/abstract_server.rb:352:in `__send__'
  passenger (2.2.5) lib/phusion_passenger/abstract_server.rb:352:in `main_loop'
  passenger (2.2.5) lib/phusion_passenger/abstract_server.rb:196:in `start_synchronously'

Rendering /home/www/marevela/public/404.html (404 Not Found)


Processing ApplicationController#index (for 90.4.127.160 at 2009-11-15 23:26:14) [GET]

ActionController::RoutingError (No route matches "/visitor" with {:method=>:get}):
  passenger (2.2.5) lib/phusion_passenger/rack/request_handler.rb:95:in `process_request'
  passenger (2.2.5) lib/phusion_passenger/abstract_request_handler.rb:207:in `main_loop'
  passenger (2.2.5) lib/phusion_passenger/railz/application_spawner.rb:378:in `start_request_handler'
  passenger (2.2.5) lib/phusion_passenger/railz/application_spawner.rb:336:in `handle_spawn_application'
  passenger (2.2.5) lib/phusion_passenger/utils.rb:183:in `safe_fork'
  passenger (2.2.5) lib/phusion_passenger/railz/application_spawner.rb:334:in `handle_spawn_application'
  passenger (2.2.5) lib/phusion_passenger/abstract_server.rb:352:in `__send__'
  passenger (2.2.5) lib/phusion_passenger/abstract_server.rb:352:in `main_loop'
  passenger (2.2.5) lib/phusion_passenger/abstract_server.rb:196:in `start_synchronously'
  passenger (2.2.5) lib/phusion_passenger/abstract_server.rb:163:in `start'
  passenger (2.2.5) lib/phusion_passenger/railz/application_spawner.rb:213:in `start'
  passenger (2.2.5) lib/phusion_passenger/spawn_manager.rb:262:in `spawn_rails_application'
  passenger (2.2.5) lib/phusion_passenger/abstract_server_collection.rb:126:in `lookup_or_add'
  passenger (2.2.5) lib/phusion_passenger/spawn_manager.rb:256:in `spawn_rails_application'
  passenger (2.2.5) lib/phusion_passenger/abstract_server_collection.rb:80:in `synchronize'
  passenger (2.2.5) lib/phusion_passenger/abstract_server_collection.rb:79:in `synchronize'
  passenger (2.2.5) lib/phusion_passenger/spawn_manager.rb:255:in `spawn_rails_application'
  passenger (2.2.5) lib/phusion_passenger/spawn_manager.rb:154:in `spawn_application'
  passenger (2.2.5) lib/phusion_passenger/spawn_manager.rb:287:in `handle_spawn_application'
  passenger (2.2.5) lib/phusion_passenger/abstract_server.rb:352:in `__send__'
  passenger (2.2.5) lib/phusion_passenger/abstract_server.rb:352:in `main_loop'
  passenger (2.2.5) lib/phusion_passenger/abstract_server.rb:196:in `start_synchronously'

Rendering /home/www/marevela/public/404.html (404 Not Found)


Processing ApplicationController#index (for 90.4.127.160 at 2009-11-15 23:26:27) [GET]

ActionController::RoutingError (No route matches "/visitor" with {:method=>:get}):
  passenger (2.2.5) lib/phusion_passenger/rack/request_handler.rb:95:in `process_request'
  passenger (2.2.5) lib/phusion_passenger/abstract_request_handler.rb:207:in `main_loop'
  passenger (2.2.5) lib/phusion_passenger/railz/application_spawner.rb:378:in `start_request_handler'
  passenger (2.2.5) lib/phusion_passenger/railz/application_spawner.rb:336:in `handle_spawn_application'
  passenger (2.2.5) lib/phusion_passenger/utils.rb:183:in `safe_fork'
  passenger (2.2.5) lib/phusion_passenger/railz/application_spawner.rb:334:in `handle_spawn_application'
  passenger (2.2.5) lib/phusion_passenger/abstract_server.rb:352:in `__send__'
  passenger (2.2.5) lib/phusion_passenger/abstract_server.rb:352:in `main_loop'
  passenger (2.2.5) lib/phusion_passenger/abstract_server.rb:196:in `start_synchronously'
  passenger (2.2.5) lib/phusion_passenger/abstract_server.rb:163:in `start'
  passenger (2.2.5) lib/phusion_passenger/railz/application_spawner.rb:213:in `start'
  passenger (2.2.5) lib/phusion_passenger/spawn_manager.rb:262:in `spawn_rails_application'
  passenger (2.2.5) lib/phusion_passenger/abstract_server_collection.rb:126:in `lookup_or_add'
  passenger (2.2.5) lib/phusion_passenger/spawn_manager.rb:256:in `spawn_rails_application'
  passenger (2.2.5) lib/phusion_passenger/abstract_server_collection.rb:80:in `synchronize'
  passenger (2.2.5) lib/phusion_passenger/abstract_server_collection.rb:79:in `synchronize'
  passenger (2.2.5) lib/phusion_passenger/spawn_manager.rb:255:in `spawn_rails_application'
  passenger (2.2.5) lib/phusion_passenger/spawn_manager.rb:154:in `spawn_application'
  passenger (2.2.5) lib/phusion_passenger/spawn_manager.rb:287:in `handle_spawn_application'
  passenger (2.2.5) lib/phusion_passenger/abstract_server.rb:352:in `__send__'
  passenger (2.2.5) lib/phusion_passenger/abstract_server.rb:352:in `main_loop'
  passenger (2.2.5) lib/phusion_passenger/abstract_server.rb:196:in `start_synchronously'

Rendering /home/www/marevela/public/404.html (404 Not Found)


Processing ApplicationController#index (for 90.4.127.160 at 2009-11-15 23:26:29) [GET]

ActionController::RoutingError (No route matches "/visitor" with {:method=>:get}):
  passenger (2.2.5) lib/phusion_passenger/rack/request_handler.rb:95:in `process_request'
  passenger (2.2.5) lib/phusion_passenger/abstract_request_handler.rb:207:in `main_loop'
  passenger (2.2.5) lib/phusion_passenger/railz/application_spawner.rb:378:in `start_request_handler'
  passenger (2.2.5) lib/phusion_passenger/railz/application_spawner.rb:336:in `handle_spawn_application'
  passenger (2.2.5) lib/phusion_passenger/utils.rb:183:in `safe_fork'
  passenger (2.2.5) lib/phusion_passenger/railz/application_spawner.rb:334:in `handle_spawn_application'
  passenger (2.2.5) lib/phusion_passenger/abstract_server.rb:352:in `__send__'
  passenger (2.2.5) lib/phusion_passenger/abstract_server.rb:352:in `main_loop'
  passenger (2.2.5) lib/phusion_passenger/abstract_server.rb:196:in `start_synchronously'
  passenger (2.2.5) lib/phusion_passenger/abstract_server.rb:163:in `start'
  passenger (2.2.5) lib/phusion_passenger/railz/application_spawner.rb:213:in `start'
  passenger (2.2.5) lib/phusion_passenger/spawn_manager.rb:262:in `spawn_rails_application'
  passenger (2.2.5) lib/phusion_passenger/abstract_server_collection.rb:126:in `lookup_or_add'
  passenger (2.2.5) lib/phusion_passenger/spawn_manager.rb:256:in `spawn_rails_application'
  passenger (2.2.5) lib/phusion_passenger/abstract_server_collection.rb:80:in `synchronize'
  passenger (2.2.5) lib/phusion_passenger/abstract_server_collection.rb:79:in `synchronize'
  passenger (2.2.5) lib/phusion_passenger/spawn_manager.rb:255:in `spawn_rails_application'
  passenger (2.2.5) lib/phusion_passenger/spawn_manager.rb:154:in `spawn_application'
  passenger (2.2.5) lib/phusion_passenger/spawn_manager.rb:287:in `handle_spawn_application'
  passenger (2.2.5) lib/phusion_passenger/abstract_server.rb:352:in `__send__'
  passenger (2.2.5) lib/phusion_passenger/abstract_server.rb:352:in `main_loop'
  passenger (2.2.5) lib/phusion_passenger/abstract_server.rb:196:in `start_synchronously'

Rendering /home/www/marevela/public/404.html (404 Not Found)


Processing ApplicationController#index (for 90.4.127.160 at 2009-11-15 23:26:30) [GET]

ActionController::RoutingError (No route matches "/visitor" with {:method=>:get}):
  passenger (2.2.5) lib/phusion_passenger/rack/request_handler.rb:95:in `process_request'
  passenger (2.2.5) lib/phusion_passenger/abstract_request_handler.rb:207:in `main_loop'
  passenger (2.2.5) lib/phusion_passenger/railz/application_spawner.rb:378:in `start_request_handler'
  passenger (2.2.5) lib/phusion_passenger/railz/application_spawner.rb:336:in `handle_spawn_application'
  passenger (2.2.5) lib/phusion_passenger/utils.rb:183:in `safe_fork'
  passenger (2.2.5) lib/phusion_passenger/railz/application_spawner.rb:334:in `handle_spawn_application'
  passenger (2.2.5) lib/phusion_passenger/abstract_server.rb:352:in `__send__'
  passenger (2.2.5) lib/phusion_passenger/abstract_server.rb:352:in `main_loop'
  passenger (2.2.5) lib/phusion_passenger/abstract_server.rb:196:in `start_synchronously'
  passenger (2.2.5) lib/phusion_passenger/abstract_server.rb:163:in `start'
  passenger (2.2.5) lib/phusion_passenger/railz/application_spawner.rb:213:in `start'
  passenger (2.2.5) lib/phusion_passenger/spawn_manager.rb:262:in `spawn_rails_application'
  passenger (2.2.5) lib/phusion_passenger/abstract_server_collection.rb:126:in `lookup_or_add'
  passenger (2.2.5) lib/phusion_passenger/spawn_manager.rb:256:in `spawn_rails_application'
  passenger (2.2.5) lib/phusion_passenger/abstract_server_collection.rb:80:in `synchronize'
  passenger (2.2.5) lib/phusion_passenger/abstract_server_collection.rb:79:in `synchronize'
  passenger (2.2.5) lib/phusion_passenger/spawn_manager.rb:255:in `spawn_rails_application'
  passenger (2.2.5) lib/phusion_passenger/spawn_manager.rb:154:in `spawn_application'
  passenger (2.2.5) lib/phusion_passenger/spawn_manager.rb:287:in `handle_spawn_application'
  passenger (2.2.5) lib/phusion_passenger/abstract_server.rb:352:in `__send__'
  passenger (2.2.5) lib/phusion_passenger/abstract_server.rb:352:in `main_loop'
  passenger (2.2.5) lib/phusion_passenger/abstract_server.rb:196:in `start_synchronously'

Rendering /home/www/marevela/public/404.html (404 Not Found)


Processing ApplicationController#index (for 90.4.127.160 at 2009-11-15 23:28:12) [GET]

ActionController::RoutingError (No route matches "/visitor" with {:method=>:get}):
  passenger (2.2.5) lib/phusion_passenger/rack/request_handler.rb:95:in `process_request'
  passenger (2.2.5) lib/phusion_passenger/abstract_request_handler.rb:207:in `main_loop'
  passenger (2.2.5) lib/phusion_passenger/railz/application_spawner.rb:378:in `start_request_handler'
  passenger (2.2.5) lib/phusion_passenger/railz/application_spawner.rb:336:in `handle_spawn_application'
  passenger (2.2.5) lib/phusion_passenger/utils.rb:183:in `safe_fork'
  passenger (2.2.5) lib/phusion_passenger/railz/application_spawner.rb:334:in `handle_spawn_application'
  passenger (2.2.5) lib/phusion_passenger/abstract_server.rb:352:in `__send__'
  passenger (2.2.5) lib/phusion_passenger/abstract_server.rb:352:in `main_loop'
  passenger (2.2.5) lib/phusion_passenger/abstract_server.rb:196:in `start_synchronously'
  passenger (2.2.5) lib/phusion_passenger/abstract_server.rb:163:in `start'
  passenger (2.2.5) lib/phusion_passenger/railz/application_spawner.rb:213:in `start'
  passenger (2.2.5) lib/phusion_passenger/spawn_manager.rb:262:in `spawn_rails_application'
  passenger (2.2.5) lib/phusion_passenger/abstract_server_collection.rb:126:in `lookup_or_add'
  passenger (2.2.5) lib/phusion_passenger/spawn_manager.rb:256:in `spawn_rails_application'
  passenger (2.2.5) lib/phusion_passenger/abstract_server_collection.rb:80:in `synchronize'
  passenger (2.2.5) lib/phusion_passenger/abstract_server_collection.rb:79:in `synchronize'
  passenger (2.2.5) lib/phusion_passenger/spawn_manager.rb:255:in `spawn_rails_application'
  passenger (2.2.5) lib/phusion_passenger/spawn_manager.rb:154:in `spawn_application'
  passenger (2.2.5) lib/phusion_passenger/spawn_manager.rb:287:in `handle_spawn_application'
  passenger (2.2.5) lib/phusion_passenger/abstract_server.rb:352:in `__send__'
  passenger (2.2.5) lib/phusion_passenger/abstract_server.rb:352:in `main_loop'
  passenger (2.2.5) lib/phusion_passenger/abstract_server.rb:196:in `start_synchronously'

Rendering /home/www/marevela/public/404.html (404 Not Found)


Processing ApplicationController#index (for 90.4.127.160 at 2009-11-15 23:28:13) [GET]

ActionController::RoutingError (No route matches "/visitor" with {:method=>:get}):
  passenger (2.2.5) lib/phusion_passenger/rack/request_handler.rb:95:in `process_request'
  passenger (2.2.5) lib/phusion_passenger/abstract_request_handler.rb:207:in `main_loop'
  passenger (2.2.5) lib/phusion_passenger/railz/application_spawner.rb:378:in `start_request_handler'
  passenger (2.2.5) lib/phusion_passenger/railz/application_spawner.rb:336:in `handle_spawn_application'
  passenger (2.2.5) lib/phusion_passenger/utils.rb:183:in `safe_fork'
  passenger (2.2.5) lib/phusion_passenger/railz/application_spawner.rb:334:in `handle_spawn_application'
  passenger (2.2.5) lib/phusion_passenger/abstract_server.rb:352:in `__send__'
  passenger (2.2.5) lib/phusion_passenger/abstract_server.rb:352:in `main_loop'
  passenger (2.2.5) lib/phusion_passenger/abstract_server.rb:196:in `start_synchronously'
  passenger (2.2.5) lib/phusion_passenger/abstract_server.rb:163:in `start'
  passenger (2.2.5) lib/phusion_passenger/railz/application_spawner.rb:213:in `start'
  passenger (2.2.5) lib/phusion_passenger/spawn_manager.rb:262:in `spawn_rails_application'
  passenger (2.2.5) lib/phusion_passenger/abstract_server_collection.rb:126:in `lookup_or_add'
  passenger (2.2.5) lib/phusion_passenger/spawn_manager.rb:256:in `spawn_rails_application'
  passenger (2.2.5) lib/phusion_passenger/abstract_server_collection.rb:80:in `synchronize'
  passenger (2.2.5) lib/phusion_passenger/abstract_server_collection.rb:79:in `synchronize'
  passenger (2.2.5) lib/phusion_passenger/spawn_manager.rb:255:in `spawn_rails_application'
  passenger (2.2.5) lib/phusion_passenger/spawn_manager.rb:154:in `spawn_application'
  passenger (2.2.5) lib/phusion_passenger/spawn_manager.rb:287:in `handle_spawn_application'
  passenger (2.2.5) lib/phusion_passenger/abstract_server.rb:352:in `__send__'
  passenger (2.2.5) lib/phusion_passenger/abstract_server.rb:352:in `main_loop'
  passenger (2.2.5) lib/phusion_passenger/abstract_server.rb:196:in `start_synchronously'

Rendering /home/www/marevela/public/404.html (404 Not Found)


Processing ApplicationController#index (for 90.4.127.160 at 2009-11-15 23:28:14) [GET]

ActionController::RoutingError (No route matches "/visitor" with {:method=>:get}):
  passenger (2.2.5) lib/phusion_passenger/rack/request_handler.rb:95:in `process_request'
  passenger (2.2.5) lib/phusion_passenger/abstract_request_handler.rb:207:in `main_loop'
  passenger (2.2.5) lib/phusion_passenger/railz/application_spawner.rb:378:in `start_request_handler'
  passenger (2.2.5) lib/phusion_passenger/railz/application_spawner.rb:336:in `handle_spawn_application'
  passenger (2.2.5) lib/phusion_passenger/utils.rb:183:in `safe_fork'
  passenger (2.2.5) lib/phusion_passenger/railz/application_spawner.rb:334:in `handle_spawn_application'
  passenger (2.2.5) lib/phusion_passenger/abstract_server.rb:352:in `__send__'
  passenger (2.2.5) lib/phusion_passenger/abstract_server.rb:352:in `main_loop'
  passenger (2.2.5) lib/phusion_passenger/abstract_server.rb:196:in `start_synchronously'
  passenger (2.2.5) lib/phusion_passenger/abstract_server.rb:163:in `start'
  passenger (2.2.5) lib/phusion_passenger/railz/application_spawner.rb:213:in `start'
  passenger (2.2.5) lib/phusion_passenger/spawn_manager.rb:262:in `spawn_rails_application'
  passenger (2.2.5) lib/phusion_passenger/abstract_server_collection.rb:126:in `lookup_or_add'
  passenger (2.2.5) lib/phusion_passenger/spawn_manager.rb:256:in `spawn_rails_application'
  passenger (2.2.5) lib/phusion_passenger/abstract_server_collection.rb:80:in `synchronize'
  passenger (2.2.5) lib/phusion_passenger/abstract_server_collection.rb:79:in `synchronize'
  passenger (2.2.5) lib/phusion_passenger/spawn_manager.rb:255:in `spawn_rails_application'
  passenger (2.2.5) lib/phusion_passenger/spawn_manager.rb:154:in `spawn_application'
  passenger (2.2.5) lib/phusion_passenger/spawn_manager.rb:287:in `handle_spawn_application'
  passenger (2.2.5) lib/phusion_passenger/abstract_server.rb:352:in `__send__'
  passenger (2.2.5) lib/phusion_passenger/abstract_server.rb:352:in `main_loop'
  passenger (2.2.5) lib/phusion_passenger/abstract_server.rb:196:in `start_synchronously'

Rendering /home/www/marevela/public/404.html (404 Not Found)


Processing ApplicationController#index (for 90.4.127.160 at 2009-11-15 23:28:14) [GET]

ActionController::RoutingError (No route matches "/visitor" with {:method=>:get}):
  passenger (2.2.5) lib/phusion_passenger/rack/request_handler.rb:95:in `process_request'
  passenger (2.2.5) lib/phusion_passenger/abstract_request_handler.rb:207:in `main_loop'
  passenger (2.2.5) lib/phusion_passenger/railz/application_spawner.rb:378:in `start_request_handler'
  passenger (2.2.5) lib/phusion_passenger/railz/application_spawner.rb:336:in `handle_spawn_application'
  passenger (2.2.5) lib/phusion_passenger/utils.rb:183:in `safe_fork'
  passenger (2.2.5) lib/phusion_passenger/railz/application_spawner.rb:334:in `handle_spawn_application'
  passenger (2.2.5) lib/phusion_passenger/abstract_server.rb:352:in `__send__'
  passenger (2.2.5) lib/phusion_passenger/abstract_server.rb:352:in `main_loop'
  passenger (2.2.5) lib/phusion_passenger/abstract_server.rb:196:in `start_synchronously'
  passenger (2.2.5) lib/phusion_passenger/abstract_server.rb:163:in `start'
  passenger (2.2.5) lib/phusion_passenger/railz/application_spawner.rb:213:in `start'
  passenger (2.2.5) lib/phusion_passenger/spawn_manager.rb:262:in `spawn_rails_application'
  passenger (2.2.5) lib/phusion_passenger/abstract_server_collection.rb:126:in `lookup_or_add'
  passenger (2.2.5) lib/phusion_passenger/spawn_manager.rb:256:in `spawn_rails_application'
  passenger (2.2.5) lib/phusion_passenger/abstract_server_collection.rb:80:in `synchronize'
  passenger (2.2.5) lib/phusion_passenger/abstract_server_collection.rb:79:in `synchronize'
  passenger (2.2.5) lib/phusion_passenger/spawn_manager.rb:255:in `spawn_rails_application'
  passenger (2.2.5) lib/phusion_passenger/spawn_manager.rb:154:in `spawn_application'
  passenger (2.2.5) lib/phusion_passenger/spawn_manager.rb:287:in `handle_spawn_application'
  passenger (2.2.5) lib/phusion_passenger/abstract_server.rb:352:in `__send__'
  passenger (2.2.5) lib/phusion_passenger/abstract_server.rb:352:in `main_loop'
  passenger (2.2.5) lib/phusion_passenger/abstract_server.rb:196:in `start_synchronously'

Rendering /home/www/marevela/public/404.html (404 Not Found)


Processing ApplicationController#index (for 90.4.127.160 at 2009-11-15 23:28:20) [GET]

ActionController::RoutingError (No route matches "/Visitor" with {:method=>:get}):
  passenger (2.2.5) lib/phusion_passenger/rack/request_handler.rb:95:in `process_request'
  passenger (2.2.5) lib/phusion_passenger/abstract_request_handler.rb:207:in `main_loop'
  passenger (2.2.5) lib/phusion_passenger/railz/application_spawner.rb:378:in `start_request_handler'
  passenger (2.2.5) lib/phusion_passenger/railz/application_spawner.rb:336:in `handle_spawn_application'
  passenger (2.2.5) lib/phusion_passenger/utils.rb:183:in `safe_fork'
  passenger (2.2.5) lib/phusion_passenger/railz/application_spawner.rb:334:in `handle_spawn_application'
  passenger (2.2.5) lib/phusion_passenger/abstract_server.rb:352:in `__send__'
  passenger (2.2.5) lib/phusion_passenger/abstract_server.rb:352:in `main_loop'
  passenger (2.2.5) lib/phusion_passenger/abstract_server.rb:196:in `start_synchronously'
  passenger (2.2.5) lib/phusion_passenger/abstract_server.rb:163:in `start'
  passenger (2.2.5) lib/phusion_passenger/railz/application_spawner.rb:213:in `start'
  passenger (2.2.5) lib/phusion_passenger/spawn_manager.rb:262:in `spawn_rails_application'
  passenger (2.2.5) lib/phusion_passenger/abstract_server_collection.rb:126:in `lookup_or_add'
  passenger (2.2.5) lib/phusion_passenger/spawn_manager.rb:256:in `spawn_rails_application'
  passenger (2.2.5) lib/phusion_passenger/abstract_server_collection.rb:80:in `synchronize'
  passenger (2.2.5) lib/phusion_passenger/abstract_server_collection.rb:79:in `synchronize'
  passenger (2.2.5) lib/phusion_passenger/spawn_manager.rb:255:in `spawn_rails_application'
  passenger (2.2.5) lib/phusion_passenger/spawn_manager.rb:154:in `spawn_application'
  passenger (2.2.5) lib/phusion_passenger/spawn_manager.rb:287:in `handle_spawn_application'
  passenger (2.2.5) lib/phusion_passenger/abstract_server.rb:352:in `__send__'
  passenger (2.2.5) lib/phusion_passenger/abstract_server.rb:352:in `main_loop'
  passenger (2.2.5) lib/phusion_passenger/abstract_server.rb:196:in `start_synchronously'

Rendering /home/www/marevela/public/404.html (404 Not Found)


Processing EventsController#index (for 90.4.127.160 at 2009-11-15 23:28:26) [GET]
Rendering template within layouts/events
Rendering events/index
Completed in 154ms (View: 150, DB: 0) | 200 OK [http://marevela.adhock.org/events]


Processing ApplicationController#index (for 90.4.127.160 at 2009-11-15 23:28:32) [GET]

ActionController::RoutingError (No route matches "/visitor" with {:method=>:get}):
  passenger (2.2.5) lib/phusion_passenger/rack/request_handler.rb:95:in `process_request'
  passenger (2.2.5) lib/phusion_passenger/abstract_request_handler.rb:207:in `main_loop'
  passenger (2.2.5) lib/phusion_passenger/railz/application_spawner.rb:378:in `start_request_handler'
  passenger (2.2.5) lib/phusion_passenger/railz/application_spawner.rb:336:in `handle_spawn_application'
  passenger (2.2.5) lib/phusion_passenger/utils.rb:183:in `safe_fork'
  passenger (2.2.5) lib/phusion_passenger/railz/application_spawner.rb:334:in `handle_spawn_application'
  passenger (2.2.5) lib/phusion_passenger/abstract_server.rb:352:in `__send__'
  passenger (2.2.5) lib/phusion_passenger/abstract_server.rb:352:in `main_loop'
  passenger (2.2.5) lib/phusion_passenger/abstract_server.rb:196:in `start_synchronously'
  passenger (2.2.5) lib/phusion_passenger/abstract_server.rb:163:in `start'
  passenger (2.2.5) lib/phusion_passenger/railz/application_spawner.rb:213:in `start'
  passenger (2.2.5) lib/phusion_passenger/spawn_manager.rb:262:in `spawn_rails_application'
  passenger (2.2.5) lib/phusion_passenger/abstract_server_collection.rb:126:in `lookup_or_add'
  passenger (2.2.5) lib/phusion_passenger/spawn_manager.rb:256:in `spawn_rails_application'
  passenger (2.2.5) lib/phusion_passenger/abstract_server_collection.rb:80:in `synchronize'
  passenger (2.2.5) lib/phusion_passenger/abstract_server_collection.rb:79:in `synchronize'
  passenger (2.2.5) lib/phusion_passenger/spawn_manager.rb:255:in `spawn_rails_application'
  passenger (2.2.5) lib/phusion_passenger/spawn_manager.rb:154:in `spawn_application'
  passenger (2.2.5) lib/phusion_passenger/spawn_manager.rb:287:in `handle_spawn_application'
  passenger (2.2.5) lib/phusion_passenger/abstract_server.rb:352:in `__send__'
  passenger (2.2.5) lib/phusion_passenger/abstract_server.rb:352:in `main_loop'
  passenger (2.2.5) lib/phusion_passenger/abstract_server.rb:196:in `start_synchronously'

Rendering /home/www/marevela/public/404.html (404 Not Found)


Processing ApplicationController#index (for 90.4.127.160 at 2009-11-15 23:28:36) [GET]

ActionController::RoutingError (No route matches "/visitors" with {:method=>:get}):
  passenger (2.2.5) lib/phusion_passenger/rack/request_handler.rb:95:in `process_request'
  passenger (2.2.5) lib/phusion_passenger/abstract_request_handler.rb:207:in `main_loop'
  passenger (2.2.5) lib/phusion_passenger/railz/application_spawner.rb:378:in `start_request_handler'
  passenger (2.2.5) lib/phusion_passenger/railz/application_spawner.rb:336:in `handle_spawn_application'
  passenger (2.2.5) lib/phusion_passenger/utils.rb:183:in `safe_fork'
  passenger (2.2.5) lib/phusion_passenger/railz/application_spawner.rb:334:in `handle_spawn_application'
  passenger (2.2.5) lib/phusion_passenger/abstract_server.rb:352:in `__send__'
  passenger (2.2.5) lib/phusion_passenger/abstract_server.rb:352:in `main_loop'
  passenger (2.2.5) lib/phusion_passenger/abstract_server.rb:196:in `start_synchronously'
  passenger (2.2.5) lib/phusion_passenger/abstract_server.rb:163:in `start'
  passenger (2.2.5) lib/phusion_passenger/railz/application_spawner.rb:213:in `start'
  passenger (2.2.5) lib/phusion_passenger/spawn_manager.rb:262:in `spawn_rails_application'
  passenger (2.2.5) lib/phusion_passenger/abstract_server_collection.rb:126:in `lookup_or_add'
  passenger (2.2.5) lib/phusion_passenger/spawn_manager.rb:256:in `spawn_rails_application'
  passenger (2.2.5) lib/phusion_passenger/abstract_server_collection.rb:80:in `synchronize'
  passenger (2.2.5) lib/phusion_passenger/abstract_server_collection.rb:79:in `synchronize'
  passenger (2.2.5) lib/phusion_passenger/spawn_manager.rb:255:in `spawn_rails_application'
  passenger (2.2.5) lib/phusion_passenger/spawn_manager.rb:154:in `spawn_application'
  passenger (2.2.5) lib/phusion_passenger/spawn_manager.rb:287:in `handle_spawn_application'
  passenger (2.2.5) lib/phusion_passenger/abstract_server.rb:352:in `__send__'
  passenger (2.2.5) lib/phusion_passenger/abstract_server.rb:352:in `main_loop'
  passenger (2.2.5) lib/phusion_passenger/abstract_server.rb:196:in `start_synchronously'

Rendering /home/www/marevela/public/404.html (404 Not Found)


Processing ApplicationController#index (for 90.4.127.160 at 2009-11-15 23:28:41) [GET]

ActionController::RoutingError (No route matches "/visitor" with {:method=>:get}):
  passenger (2.2.5) lib/phusion_passenger/rack/request_handler.rb:95:in `process_request'
  passenger (2.2.5) lib/phusion_passenger/abstract_request_handler.rb:207:in `main_loop'
  passenger (2.2.5) lib/phusion_passenger/railz/application_spawner.rb:378:in `start_request_handler'
  passenger (2.2.5) lib/phusion_passenger/railz/application_spawner.rb:336:in `handle_spawn_application'
  passenger (2.2.5) lib/phusion_passenger/utils.rb:183:in `safe_fork'
  passenger (2.2.5) lib/phusion_passenger/railz/application_spawner.rb:334:in `handle_spawn_application'
  passenger (2.2.5) lib/phusion_passenger/abstract_server.rb:352:in `__send__'
  passenger (2.2.5) lib/phusion_passenger/abstract_server.rb:352:in `main_loop'
  passenger (2.2.5) lib/phusion_passenger/abstract_server.rb:196:in `start_synchronously'
  passenger (2.2.5) lib/phusion_passenger/abstract_server.rb:163:in `start'
  passenger (2.2.5) lib/phusion_passenger/railz/application_spawner.rb:213:in `start'
  passenger (2.2.5) lib/phusion_passenger/spawn_manager.rb:262:in `spawn_rails_application'
  passenger (2.2.5) lib/phusion_passenger/abstract_server_collection.rb:126:in `lookup_or_add'
  passenger (2.2.5) lib/phusion_passenger/spawn_manager.rb:256:in `spawn_rails_application'
  passenger (2.2.5) lib/phusion_passenger/abstract_server_collection.rb:80:in `synchronize'
  passenger (2.2.5) lib/phusion_passenger/abstract_server_collection.rb:79:in `synchronize'
  passenger (2.2.5) lib/phusion_passenger/spawn_manager.rb:255:in `spawn_rails_application'
  passenger (2.2.5) lib/phusion_passenger/spawn_manager.rb:154:in `spawn_application'
  passenger (2.2.5) lib/phusion_passenger/spawn_manager.rb:287:in `handle_spawn_application'
  passenger (2.2.5) lib/phusion_passenger/abstract_server.rb:352:in `__send__'
  passenger (2.2.5) lib/phusion_passenger/abstract_server.rb:352:in `main_loop'
  passenger (2.2.5) lib/phusion_passenger/abstract_server.rb:196:in `start_synchronously'

Rendering /home/www/marevela/public/404.html (404 Not Found)


Processing ApplicationController#index (for 90.4.127.160 at 2009-11-15 23:30:00) [GET]

ActionController::RoutingError (No route matches "/visitor/index" with {:method=>:get}):
  passenger (2.2.5) lib/phusion_passenger/rack/request_handler.rb:95:in `process_request'
  passenger (2.2.5) lib/phusion_passenger/abstract_request_handler.rb:207:in `main_loop'
  passenger (2.2.5) lib/phusion_passenger/railz/application_spawner.rb:378:in `start_request_handler'
  passenger (2.2.5) lib/phusion_passenger/railz/application_spawner.rb:336:in `handle_spawn_application'
  passenger (2.2.5) lib/phusion_passenger/utils.rb:183:in `safe_fork'
  passenger (2.2.5) lib/phusion_passenger/railz/application_spawner.rb:334:in `handle_spawn_application'
  passenger (2.2.5) lib/phusion_passenger/abstract_server.rb:352:in `__send__'
  passenger (2.2.5) lib/phusion_passenger/abstract_server.rb:352:in `main_loop'
  passenger (2.2.5) lib/phusion_passenger/abstract_server.rb:196:in `start_synchronously'
  passenger (2.2.5) lib/phusion_passenger/abstract_server.rb:163:in `start'
  passenger (2.2.5) lib/phusion_passenger/railz/application_spawner.rb:213:in `start'
  passenger (2.2.5) lib/phusion_passenger/spawn_manager.rb:262:in `spawn_rails_application'
  passenger (2.2.5) lib/phusion_passenger/abstract_server_collection.rb:126:in `lookup_or_add'
  passenger (2.2.5) lib/phusion_passenger/spawn_manager.rb:256:in `spawn_rails_application'
  passenger (2.2.5) lib/phusion_passenger/abstract_server_collection.rb:80:in `synchronize'
  passenger (2.2.5) lib/phusion_passenger/abstract_server_collection.rb:79:in `synchronize'
  passenger (2.2.5) lib/phusion_passenger/spawn_manager.rb:255:in `spawn_rails_application'
  passenger (2.2.5) lib/phusion_passenger/spawn_manager.rb:154:in `spawn_application'
  passenger (2.2.5) lib/phusion_passenger/spawn_manager.rb:287:in `handle_spawn_application'
  passenger (2.2.5) lib/phusion_passenger/abstract_server.rb:352:in `__send__'
  passenger (2.2.5) lib/phusion_passenger/abstract_server.rb:352:in `main_loop'
  passenger (2.2.5) lib/phusion_passenger/abstract_server.rb:196:in `start_synchronously'

Rendering /home/www/marevela/public/404.html (404 Not Found)


Processing ApplicationController#index (for 90.4.127.160 at 2009-11-15 23:30:02) [GET]

ActionController::RoutingError (No route matches "/visitor/index" with {:method=>:get}):
  passenger (2.2.5) lib/phusion_passenger/rack/request_handler.rb:95:in `process_request'
  passenger (2.2.5) lib/phusion_passenger/abstract_request_handler.rb:207:in `main_loop'
  passenger (2.2.5) lib/phusion_passenger/railz/application_spawner.rb:378:in `start_request_handler'
  passenger (2.2.5) lib/phusion_passenger/railz/application_spawner.rb:336:in `handle_spawn_application'
  passenger (2.2.5) lib/phusion_passenger/utils.rb:183:in `safe_fork'
  passenger (2.2.5) lib/phusion_passenger/railz/application_spawner.rb:334:in `handle_spawn_application'
  passenger (2.2.5) lib/phusion_passenger/abstract_server.rb:352:in `__send__'
  passenger (2.2.5) lib/phusion_passenger/abstract_server.rb:352:in `main_loop'
  passenger (2.2.5) lib/phusion_passenger/abstract_server.rb:196:in `start_synchronously'
  passenger (2.2.5) lib/phusion_passenger/abstract_server.rb:163:in `start'
  passenger (2.2.5) lib/phusion_passenger/railz/application_spawner.rb:213:in `start'
  passenger (2.2.5) lib/phusion_passenger/spawn_manager.rb:262:in `spawn_rails_application'
  passenger (2.2.5) lib/phusion_passenger/abstract_server_collection.rb:126:in `lookup_or_add'
  passenger (2.2.5) lib/phusion_passenger/spawn_manager.rb:256:in `spawn_rails_application'
  passenger (2.2.5) lib/phusion_passenger/abstract_server_collection.rb:80:in `synchronize'
  passenger (2.2.5) lib/phusion_passenger/abstract_server_collection.rb:79:in `synchronize'
  passenger (2.2.5) lib/phusion_passenger/spawn_manager.rb:255:in `spawn_rails_application'
  passenger (2.2.5) lib/phusion_passenger/spawn_manager.rb:154:in `spawn_application'
  passenger (2.2.5) lib/phusion_passenger/spawn_manager.rb:287:in `handle_spawn_application'
  passenger (2.2.5) lib/phusion_passenger/abstract_server.rb:352:in `__send__'
  passenger (2.2.5) lib/phusion_passenger/abstract_server.rb:352:in `main_loop'
  passenger (2.2.5) lib/phusion_passenger/abstract_server.rb:196:in `start_synchronously'

Rendering /home/www/marevela/public/404.html (404 Not Found)


Processing ApplicationController#index (for 90.4.127.160 at 2009-11-15 23:30:10) [GET]
  Parameters: {"1"=>nil}

ActionController::RoutingError (No route matches "/visitor/index" with {:method=>:get}):
  passenger (2.2.5) lib/phusion_passenger/rack/request_handler.rb:95:in `process_request'
  passenger (2.2.5) lib/phusion_passenger/abstract_request_handler.rb:207:in `main_loop'
  passenger (2.2.5) lib/phusion_passenger/railz/application_spawner.rb:378:in `start_request_handler'
  passenger (2.2.5) lib/phusion_passenger/railz/application_spawner.rb:336:in `handle_spawn_application'
  passenger (2.2.5) lib/phusion_passenger/utils.rb:183:in `safe_fork'
  passenger (2.2.5) lib/phusion_passenger/railz/application_spawner.rb:334:in `handle_spawn_application'
  passenger (2.2.5) lib/phusion_passenger/abstract_server.rb:352:in `__send__'
  passenger (2.2.5) lib/phusion_passenger/abstract_server.rb:352:in `main_loop'
  passenger (2.2.5) lib/phusion_passenger/abstract_server.rb:196:in `start_synchronously'
  passenger (2.2.5) lib/phusion_passenger/abstract_server.rb:163:in `start'
  passenger (2.2.5) lib/phusion_passenger/railz/application_spawner.rb:213:in `start'
  passenger (2.2.5) lib/phusion_passenger/spawn_manager.rb:262:in `spawn_rails_application'
  passenger (2.2.5) lib/phusion_passenger/abstract_server_collection.rb:126:in `lookup_or_add'
  passenger (2.2.5) lib/phusion_passenger/spawn_manager.rb:256:in `spawn_rails_application'
  passenger (2.2.5) lib/phusion_passenger/abstract_server_collection.rb:80:in `synchronize'
  passenger (2.2.5) lib/phusion_passenger/abstract_server_collection.rb:79:in `synchronize'
  passenger (2.2.5) lib/phusion_passenger/spawn_manager.rb:255:in `spawn_rails_application'
  passenger (2.2.5) lib/phusion_passenger/spawn_manager.rb:154:in `spawn_application'
  passenger (2.2.5) lib/phusion_passenger/spawn_manager.rb:287:in `handle_spawn_application'
  passenger (2.2.5) lib/phusion_passenger/abstract_server.rb:352:in `__send__'
  passenger (2.2.5) lib/phusion_passenger/abstract_server.rb:352:in `main_loop'
  passenger (2.2.5) lib/phusion_passenger/abstract_server.rb:196:in `start_synchronously'

Rendering /home/www/marevela/public/404.html (404 Not Found)


Processing ApplicationController#index (for 90.4.127.160 at 2009-11-15 23:30:14) [GET]

ActionController::RoutingError (No route matches "/visitor" with {:method=>:get}):
  passenger (2.2.5) lib/phusion_passenger/rack/request_handler.rb:95:in `process_request'
  passenger (2.2.5) lib/phusion_passenger/abstract_request_handler.rb:207:in `main_loop'
  passenger (2.2.5) lib/phusion_passenger/railz/application_spawner.rb:378:in `start_request_handler'
  passenger (2.2.5) lib/phusion_passenger/railz/application_spawner.rb:336:in `handle_spawn_application'
  passenger (2.2.5) lib/phusion_passenger/utils.rb:183:in `safe_fork'
  passenger (2.2.5) lib/phusion_passenger/railz/application_spawner.rb:334:in `handle_spawn_application'
  passenger (2.2.5) lib/phusion_passenger/abstract_server.rb:352:in `__send__'
  passenger (2.2.5) lib/phusion_passenger/abstract_server.rb:352:in `main_loop'
  passenger (2.2.5) lib/phusion_passenger/abstract_server.rb:196:in `start_synchronously'
  passenger (2.2.5) lib/phusion_passenger/abstract_server.rb:163:in `start'
  passenger (2.2.5) lib/phusion_passenger/railz/application_spawner.rb:213:in `start'
  passenger (2.2.5) lib/phusion_passenger/spawn_manager.rb:262:in `spawn_rails_application'
  passenger (2.2.5) lib/phusion_passenger/abstract_server_collection.rb:126:in `lookup_or_add'
  passenger (2.2.5) lib/phusion_passenger/spawn_manager.rb:256:in `spawn_rails_application'
  passenger (2.2.5) lib/phusion_passenger/abstract_server_collection.rb:80:in `synchronize'
  passenger (2.2.5) lib/phusion_passenger/abstract_server_collection.rb:79:in `synchronize'
  passenger (2.2.5) lib/phusion_passenger/spawn_manager.rb:255:in `spawn_rails_application'
  passenger (2.2.5) lib/phusion_passenger/spawn_manager.rb:154:in `spawn_application'
  passenger (2.2.5) lib/phusion_passenger/spawn_manager.rb:287:in `handle_spawn_application'
  passenger (2.2.5) lib/phusion_passenger/abstract_server.rb:352:in `__send__'
  passenger (2.2.5) lib/phusion_passenger/abstract_server.rb:352:in `main_loop'
  passenger (2.2.5) lib/phusion_passenger/abstract_server.rb:196:in `start_synchronously'

Rendering /home/www/marevela/public/404.html (404 Not Found)


Processing ApplicationController#index (for 90.4.127.160 at 2009-11-15 23:32:28) [GET]

ActionController::RoutingError (No route matches "/visitor" with {:method=>:get}):
  passenger (2.2.5) lib/phusion_passenger/rack/request_handler.rb:95:in `process_request'
  passenger (2.2.5) lib/phusion_passenger/abstract_request_handler.rb:207:in `main_loop'
  passenger (2.2.5) lib/phusion_passenger/railz/application_spawner.rb:378:in `start_request_handler'
  passenger (2.2.5) lib/phusion_passenger/railz/application_spawner.rb:336:in `handle_spawn_application'
  passenger (2.2.5) lib/phusion_passenger/utils.rb:183:in `safe_fork'
  passenger (2.2.5) lib/phusion_passenger/railz/application_spawner.rb:334:in `handle_spawn_application'
  passenger (2.2.5) lib/phusion_passenger/abstract_server.rb:352:in `__send__'
  passenger (2.2.5) lib/phusion_passenger/abstract_server.rb:352:in `main_loop'
  passenger (2.2.5) lib/phusion_passenger/abstract_server.rb:196:in `start_synchronously'
  passenger (2.2.5) lib/phusion_passenger/abstract_server.rb:163:in `start'
  passenger (2.2.5) lib/phusion_passenger/railz/application_spawner.rb:213:in `start'
  passenger (2.2.5) lib/phusion_passenger/spawn_manager.rb:262:in `spawn_rails_application'
  passenger (2.2.5) lib/phusion_passenger/abstract_server_collection.rb:126:in `lookup_or_add'
  passenger (2.2.5) lib/phusion_passenger/spawn_manager.rb:256:in `spawn_rails_application'
  passenger (2.2.5) lib/phusion_passenger/abstract_server_collection.rb:80:in `synchronize'
  passenger (2.2.5) lib/phusion_passenger/abstract_server_collection.rb:79:in `synchronize'
  passenger (2.2.5) lib/phusion_passenger/spawn_manager.rb:255:in `spawn_rails_application'
  passenger (2.2.5) lib/phusion_passenger/spawn_manager.rb:154:in `spawn_application'
  passenger (2.2.5) lib/phusion_passenger/spawn_manager.rb:287:in `handle_spawn_application'
  passenger (2.2.5) lib/phusion_passenger/abstract_server.rb:352:in `__send__'
  passenger (2.2.5) lib/phusion_passenger/abstract_server.rb:352:in `main_loop'
  passenger (2.2.5) lib/phusion_passenger/abstract_server.rb:196:in `start_synchronously'

Rendering /home/www/marevela/public/404.html (404 Not Found)


Processing ApplicationController#index (for 90.4.127.160 at 2009-11-15 23:32:29) [GET]

ActionController::RoutingError (No route matches "/visitor" with {:method=>:get}):
  passenger (2.2.5) lib/phusion_passenger/rack/request_handler.rb:95:in `process_request'
  passenger (2.2.5) lib/phusion_passenger/abstract_request_handler.rb:207:in `main_loop'
  passenger (2.2.5) lib/phusion_passenger/railz/application_spawner.rb:378:in `start_request_handler'
  passenger (2.2.5) lib/phusion_passenger/railz/application_spawner.rb:336:in `handle_spawn_application'
  passenger (2.2.5) lib/phusion_passenger/utils.rb:183:in `safe_fork'
  passenger (2.2.5) lib/phusion_passenger/railz/application_spawner.rb:334:in `handle_spawn_application'
  passenger (2.2.5) lib/phusion_passenger/abstract_server.rb:352:in `__send__'
  passenger (2.2.5) lib/phusion_passenger/abstract_server.rb:352:in `main_loop'
  passenger (2.2.5) lib/phusion_passenger/abstract_server.rb:196:in `start_synchronously'
  passenger (2.2.5) lib/phusion_passenger/abstract_server.rb:163:in `start'
  passenger (2.2.5) lib/phusion_passenger/railz/application_spawner.rb:213:in `start'
  passenger (2.2.5) lib/phusion_passenger/spawn_manager.rb:262:in `spawn_rails_application'
  passenger (2.2.5) lib/phusion_passenger/abstract_server_collection.rb:126:in `lookup_or_add'
  passenger (2.2.5) lib/phusion_passenger/spawn_manager.rb:256:in `spawn_rails_application'
  passenger (2.2.5) lib/phusion_passenger/abstract_server_collection.rb:80:in `synchronize'
  passenger (2.2.5) lib/phusion_passenger/abstract_server_collection.rb:79:in `synchronize'
  passenger (2.2.5) lib/phusion_passenger/spawn_manager.rb:255:in `spawn_rails_application'
  passenger (2.2.5) lib/phusion_passenger/spawn_manager.rb:154:in `spawn_application'
  passenger (2.2.5) lib/phusion_passenger/spawn_manager.rb:287:in `handle_spawn_application'
  passenger (2.2.5) lib/phusion_passenger/abstract_server.rb:352:in `__send__'
  passenger (2.2.5) lib/phusion_passenger/abstract_server.rb:352:in `main_loop'
  passenger (2.2.5) lib/phusion_passenger/abstract_server.rb:196:in `start_synchronously'

Rendering /home/www/marevela/public/404.html (404 Not Found)


Processing ApplicationController#index (for 90.4.127.160 at 2009-11-15 23:32:41) [GET]

ActionController::RoutingError (No route matches "/visitor" with {:method=>:get}):
  passenger (2.2.5) lib/phusion_passenger/rack/request_handler.rb:95:in `process_request'
  passenger (2.2.5) lib/phusion_passenger/abstract_request_handler.rb:207:in `main_loop'
  passenger (2.2.5) lib/phusion_passenger/railz/application_spawner.rb:378:in `start_request_handler'
  passenger (2.2.5) lib/phusion_passenger/railz/application_spawner.rb:336:in `handle_spawn_application'
  passenger (2.2.5) lib/phusion_passenger/utils.rb:183:in `safe_fork'
  passenger (2.2.5) lib/phusion_passenger/railz/application_spawner.rb:334:in `handle_spawn_application'
  passenger (2.2.5) lib/phusion_passenger/abstract_server.rb:352:in `__send__'
  passenger (2.2.5) lib/phusion_passenger/abstract_server.rb:352:in `main_loop'
  passenger (2.2.5) lib/phusion_passenger/abstract_server.rb:196:in `start_synchronously'
  passenger (2.2.5) lib/phusion_passenger/abstract_server.rb:163:in `start'
  passenger (2.2.5) lib/phusion_passenger/railz/application_spawner.rb:213:in `start'
  passenger (2.2.5) lib/phusion_passenger/spawn_manager.rb:262:in `spawn_rails_application'
  passenger (2.2.5) lib/phusion_passenger/abstract_server_collection.rb:126:in `lookup_or_add'
  passenger (2.2.5) lib/phusion_passenger/spawn_manager.rb:256:in `spawn_rails_application'
  passenger (2.2.5) lib/phusion_passenger/abstract_server_collection.rb:80:in `synchronize'
  passenger (2.2.5) lib/phusion_passenger/abstract_server_collection.rb:79:in `synchronize'
  passenger (2.2.5) lib/phusion_passenger/spawn_manager.rb:255:in `spawn_rails_application'
  passenger (2.2.5) lib/phusion_passenger/spawn_manager.rb:154:in `spawn_application'
  passenger (2.2.5) lib/phusion_passenger/spawn_manager.rb:287:in `handle_spawn_application'
  passenger (2.2.5) lib/phusion_passenger/abstract_server.rb:352:in `__send__'
  passenger (2.2.5) lib/phusion_passenger/abstract_server.rb:352:in `main_loop'
  passenger (2.2.5) lib/phusion_passenger/abstract_server.rb:196:in `start_synchronously'

Rendering /home/www/marevela/public/404.html (404 Not Found)


Processing EventsController#index (for 90.4.127.160 at 2009-11-15 23:32:54) [GET]
Rendering template within layouts/events
Rendering events/index
Completed in 18ms (View: 15, DB: 0) | 200 OK [http://marevela.adhock.org/events]


Processing ApplicationController#index (for 90.4.127.160 at 2009-11-15 23:34:44) [GET]

ActionController::RoutingError (No route matches "/visitor" with {:method=>:get}):
  passenger (2.2.5) lib/phusion_passenger/rack/request_handler.rb:95:in `process_request'
  passenger (2.2.5) lib/phusion_passenger/abstract_request_handler.rb:207:in `main_loop'
  passenger (2.2.5) lib/phusion_passenger/railz/application_spawner.rb:378:in `start_request_handler'
  passenger (2.2.5) lib/phusion_passenger/railz/application_spawner.rb:336:in `handle_spawn_application'
  passenger (2.2.5) lib/phusion_passenger/utils.rb:183:in `safe_fork'
  passenger (2.2.5) lib/phusion_passenger/railz/application_spawner.rb:334:in `handle_spawn_application'
  passenger (2.2.5) lib/phusion_passenger/abstract_server.rb:352:in `__send__'
  passenger (2.2.5) lib/phusion_passenger/abstract_server.rb:352:in `main_loop'
  passenger (2.2.5) lib/phusion_passenger/abstract_server.rb:196:in `start_synchronously'
  passenger (2.2.5) lib/phusion_passenger/abstract_server.rb:163:in `start'
  passenger (2.2.5) lib/phusion_passenger/railz/application_spawner.rb:213:in `start'
  passenger (2.2.5) lib/phusion_passenger/spawn_manager.rb:262:in `spawn_rails_application'
  passenger (2.2.5) lib/phusion_passenger/abstract_server_collection.rb:126:in `lookup_or_add'
  passenger (2.2.5) lib/phusion_passenger/spawn_manager.rb:256:in `spawn_rails_application'
  passenger (2.2.5) lib/phusion_passenger/abstract_server_collection.rb:80:in `synchronize'
  passenger (2.2.5) lib/phusion_passenger/abstract_server_collection.rb:79:in `synchronize'
  passenger (2.2.5) lib/phusion_passenger/spawn_manager.rb:255:in `spawn_rails_application'
  passenger (2.2.5) lib/phusion_passenger/spawn_manager.rb:154:in `spawn_application'
  passenger (2.2.5) lib/phusion_passenger/spawn_manager.rb:287:in `handle_spawn_application'
  passenger (2.2.5) lib/phusion_passenger/abstract_server.rb:352:in `__send__'
  passenger (2.2.5) lib/phusion_passenger/abstract_server.rb:352:in `main_loop'
  passenger (2.2.5) lib/phusion_passenger/abstract_server.rb:196:in `start_synchronously'

Rendering /home/www/marevela/public/404.html (404 Not Found)


Processing ApplicationController#index (for 90.4.127.160 at 2009-11-15 23:34:50) [GET]

ActionController::RoutingError (No route matches "/visitor/" with {:method=>:get}):
  passenger (2.2.5) lib/phusion_passenger/rack/request_handler.rb:95:in `process_request'
  passenger (2.2.5) lib/phusion_passenger/abstract_request_handler.rb:207:in `main_loop'
  passenger (2.2.5) lib/phusion_passenger/railz/application_spawner.rb:378:in `start_request_handler'
  passenger (2.2.5) lib/phusion_passenger/railz/application_spawner.rb:336:in `handle_spawn_application'
  passenger (2.2.5) lib/phusion_passenger/utils.rb:183:in `safe_fork'
  passenger (2.2.5) lib/phusion_passenger/railz/application_spawner.rb:334:in `handle_spawn_application'
  passenger (2.2.5) lib/phusion_passenger/abstract_server.rb:352:in `__send__'
  passenger (2.2.5) lib/phusion_passenger/abstract_server.rb:352:in `main_loop'
  passenger (2.2.5) lib/phusion_passenger/abstract_server.rb:196:in `start_synchronously'
  passenger (2.2.5) lib/phusion_passenger/abstract_server.rb:163:in `start'
  passenger (2.2.5) lib/phusion_passenger/railz/application_spawner.rb:213:in `start'
  passenger (2.2.5) lib/phusion_passenger/spawn_manager.rb:262:in `spawn_rails_application'
  passenger (2.2.5) lib/phusion_passenger/abstract_server_collection.rb:126:in `lookup_or_add'
  passenger (2.2.5) lib/phusion_passenger/spawn_manager.rb:256:in `spawn_rails_application'
  passenger (2.2.5) lib/phusion_passenger/abstract_server_collection.rb:80:in `synchronize'
  passenger (2.2.5) lib/phusion_passenger/abstract_server_collection.rb:79:in `synchronize'
  passenger (2.2.5) lib/phusion_passenger/spawn_manager.rb:255:in `spawn_rails_application'
  passenger (2.2.5) lib/phusion_passenger/spawn_manager.rb:154:in `spawn_application'
  passenger (2.2.5) lib/phusion_passenger/spawn_manager.rb:287:in `handle_spawn_application'
  passenger (2.2.5) lib/phusion_passenger/abstract_server.rb:352:in `__send__'
  passenger (2.2.5) lib/phusion_passenger/abstract_server.rb:352:in `main_loop'
  passenger (2.2.5) lib/phusion_passenger/abstract_server.rb:196:in `start_synchronously'

Rendering /home/www/marevela/public/404.html (404 Not Found)


Processing ApplicationController#index (for 90.4.127.160 at 2009-11-15 23:34:55) [GET]

ActionController::RoutingError (No route matches "/visitors" with {:method=>:get}):
  passenger (2.2.5) lib/phusion_passenger/rack/request_handler.rb:95:in `process_request'
  passenger (2.2.5) lib/phusion_passenger/abstract_request_handler.rb:207:in `main_loop'
  passenger (2.2.5) lib/phusion_passenger/railz/application_spawner.rb:378:in `start_request_handler'
  passenger (2.2.5) lib/phusion_passenger/railz/application_spawner.rb:336:in `handle_spawn_application'
  passenger (2.2.5) lib/phusion_passenger/utils.rb:183:in `safe_fork'
  passenger (2.2.5) lib/phusion_passenger/railz/application_spawner.rb:334:in `handle_spawn_application'
  passenger (2.2.5) lib/phusion_passenger/abstract_server.rb:352:in `__send__'
  passenger (2.2.5) lib/phusion_passenger/abstract_server.rb:352:in `main_loop'
  passenger (2.2.5) lib/phusion_passenger/abstract_server.rb:196:in `start_synchronously'
  passenger (2.2.5) lib/phusion_passenger/abstract_server.rb:163:in `start'
  passenger (2.2.5) lib/phusion_passenger/railz/application_spawner.rb:213:in `start'
  passenger (2.2.5) lib/phusion_passenger/spawn_manager.rb:262:in `spawn_rails_application'
  passenger (2.2.5) lib/phusion_passenger/abstract_server_collection.rb:126:in `lookup_or_add'
  passenger (2.2.5) lib/phusion_passenger/spawn_manager.rb:256:in `spawn_rails_application'
  passenger (2.2.5) lib/phusion_passenger/abstract_server_collection.rb:80:in `synchronize'
  passenger (2.2.5) lib/phusion_passenger/abstract_server_collection.rb:79:in `synchronize'
  passenger (2.2.5) lib/phusion_passenger/spawn_manager.rb:255:in `spawn_rails_application'
  passenger (2.2.5) lib/phusion_passenger/spawn_manager.rb:154:in `spawn_application'
  passenger (2.2.5) lib/phusion_passenger/spawn_manager.rb:287:in `handle_spawn_application'
  passenger (2.2.5) lib/phusion_passenger/abstract_server.rb:352:in `__send__'
  passenger (2.2.5) lib/phusion_passenger/abstract_server.rb:352:in `main_loop'
  passenger (2.2.5) lib/phusion_passenger/abstract_server.rb:196:in `start_synchronously'

Rendering /home/www/marevela/public/404.html (404 Not Found)


Processing ApplicationController#index (for 90.4.127.160 at 2009-11-15 23:34:57) [GET]

ActionController::RoutingError (No route matches "/visitos" with {:method=>:get}):
  passenger (2.2.5) lib/phusion_passenger/rack/request_handler.rb:95:in `process_request'
  passenger (2.2.5) lib/phusion_passenger/abstract_request_handler.rb:207:in `main_loop'
  passenger (2.2.5) lib/phusion_passenger/railz/application_spawner.rb:378:in `start_request_handler'
  passenger (2.2.5) lib/phusion_passenger/railz/application_spawner.rb:336:in `handle_spawn_application'
  passenger (2.2.5) lib/phusion_passenger/utils.rb:183:in `safe_fork'
  passenger (2.2.5) lib/phusion_passenger/railz/application_spawner.rb:334:in `handle_spawn_application'
  passenger (2.2.5) lib/phusion_passenger/abstract_server.rb:352:in `__send__'
  passenger (2.2.5) lib/phusion_passenger/abstract_server.rb:352:in `main_loop'
  passenger (2.2.5) lib/phusion_passenger/abstract_server.rb:196:in `start_synchronously'
  passenger (2.2.5) lib/phusion_passenger/abstract_server.rb:163:in `start'
  passenger (2.2.5) lib/phusion_passenger/railz/application_spawner.rb:213:in `start'
  passenger (2.2.5) lib/phusion_passenger/spawn_manager.rb:262:in `spawn_rails_application'
  passenger (2.2.5) lib/phusion_passenger/abstract_server_collection.rb:126:in `lookup_or_add'
  passenger (2.2.5) lib/phusion_passenger/spawn_manager.rb:256:in `spawn_rails_application'
  passenger (2.2.5) lib/phusion_passenger/abstract_server_collection.rb:80:in `synchronize'
  passenger (2.2.5) lib/phusion_passenger/abstract_server_collection.rb:79:in `synchronize'
  passenger (2.2.5) lib/phusion_passenger/spawn_manager.rb:255:in `spawn_rails_application'
  passenger (2.2.5) lib/phusion_passenger/spawn_manager.rb:154:in `spawn_application'
  passenger (2.2.5) lib/phusion_passenger/spawn_manager.rb:287:in `handle_spawn_application'
  passenger (2.2.5) lib/phusion_passenger/abstract_server.rb:352:in `__send__'
  passenger (2.2.5) lib/phusion_passenger/abstract_server.rb:352:in `main_loop'
  passenger (2.2.5) lib/phusion_passenger/abstract_server.rb:196:in `start_synchronously'

Rendering /home/www/marevela/public/404.html (404 Not Found)


Processing EventsController#index (for 90.4.127.160 at 2009-11-15 23:35:04) [GET]
Rendering template within layouts/events
Rendering events/index
Completed in 18ms (View: 14, DB: 0) | 200 OK [http://marevela.adhock.org/events]


Processing ApplicationController#index (for 90.4.127.160 at 2009-11-15 23:36:57) [GET]

ActionController::RoutingError (No route matches "/visitor" with {:method=>:get}):
  passenger (2.2.5) lib/phusion_passenger/rack/request_handler.rb:95:in `process_request'
  passenger (2.2.5) lib/phusion_passenger/abstract_request_handler.rb:207:in `main_loop'
  passenger (2.2.5) lib/phusion_passenger/railz/application_spawner.rb:378:in `start_request_handler'
  passenger (2.2.5) lib/phusion_passenger/railz/application_spawner.rb:336:in `handle_spawn_application'
  passenger (2.2.5) lib/phusion_passenger/utils.rb:183:in `safe_fork'
  passenger (2.2.5) lib/phusion_passenger/railz/application_spawner.rb:334:in `handle_spawn_application'
  passenger (2.2.5) lib/phusion_passenger/abstract_server.rb:352:in `__send__'
  passenger (2.2.5) lib/phusion_passenger/abstract_server.rb:352:in `main_loop'
  passenger (2.2.5) lib/phusion_passenger/abstract_server.rb:196:in `start_synchronously'
  passenger (2.2.5) lib/phusion_passenger/abstract_server.rb:163:in `start'
  passenger (2.2.5) lib/phusion_passenger/railz/application_spawner.rb:213:in `start'
  passenger (2.2.5) lib/phusion_passenger/spawn_manager.rb:262:in `spawn_rails_application'
  passenger (2.2.5) lib/phusion_passenger/abstract_server_collection.rb:126:in `lookup_or_add'
  passenger (2.2.5) lib/phusion_passenger/spawn_manager.rb:256:in `spawn_rails_application'
  passenger (2.2.5) lib/phusion_passenger/abstract_server_collection.rb:80:in `synchronize'
  passenger (2.2.5) lib/phusion_passenger/abstract_server_collection.rb:79:in `synchronize'
  passenger (2.2.5) lib/phusion_passenger/spawn_manager.rb:255:in `spawn_rails_application'
  passenger (2.2.5) lib/phusion_passenger/spawn_manager.rb:154:in `spawn_application'
  passenger (2.2.5) lib/phusion_passenger/spawn_manager.rb:287:in `handle_spawn_application'
  passenger (2.2.5) lib/phusion_passenger/abstract_server.rb:352:in `__send__'
  passenger (2.2.5) lib/phusion_passenger/abstract_server.rb:352:in `main_loop'
  passenger (2.2.5) lib/phusion_passenger/abstract_server.rb:196:in `start_synchronously'

Rendering /home/www/marevela/public/404.html (404 Not Found)


Processing ApplicationController#index (for 90.4.127.160 at 2009-11-15 23:36:58) [GET]

ActionController::RoutingError (No route matches "/visitor" with {:method=>:get}):
  passenger (2.2.5) lib/phusion_passenger/rack/request_handler.rb:95:in `process_request'
  passenger (2.2.5) lib/phusion_passenger/abstract_request_handler.rb:207:in `main_loop'
  passenger (2.2.5) lib/phusion_passenger/railz/application_spawner.rb:378:in `start_request_handler'
  passenger (2.2.5) lib/phusion_passenger/railz/application_spawner.rb:336:in `handle_spawn_application'
  passenger (2.2.5) lib/phusion_passenger/utils.rb:183:in `safe_fork'
  passenger (2.2.5) lib/phusion_passenger/railz/application_spawner.rb:334:in `handle_spawn_application'
  passenger (2.2.5) lib/phusion_passenger/abstract_server.rb:352:in `__send__'
  passenger (2.2.5) lib/phusion_passenger/abstract_server.rb:352:in `main_loop'
  passenger (2.2.5) lib/phusion_passenger/abstract_server.rb:196:in `start_synchronously'
  passenger (2.2.5) lib/phusion_passenger/abstract_server.rb:163:in `start'
  passenger (2.2.5) lib/phusion_passenger/railz/application_spawner.rb:213:in `start'
  passenger (2.2.5) lib/phusion_passenger/spawn_manager.rb:262:in `spawn_rails_application'
  passenger (2.2.5) lib/phusion_passenger/abstract_server_collection.rb:126:in `lookup_or_add'
  passenger (2.2.5) lib/phusion_passenger/spawn_manager.rb:256:in `spawn_rails_application'
  passenger (2.2.5) lib/phusion_passenger/abstract_server_collection.rb:80:in `synchronize'
  passenger (2.2.5) lib/phusion_passenger/abstract_server_collection.rb:79:in `synchronize'
  passenger (2.2.5) lib/phusion_passenger/spawn_manager.rb:255:in `spawn_rails_application'
  passenger (2.2.5) lib/phusion_passenger/spawn_manager.rb:154:in `spawn_application'
  passenger (2.2.5) lib/phusion_passenger/spawn_manager.rb:287:in `handle_spawn_application'
  passenger (2.2.5) lib/phusion_passenger/abstract_server.rb:352:in `__send__'
  passenger (2.2.5) lib/phusion_passenger/abstract_server.rb:352:in `main_loop'
  passenger (2.2.5) lib/phusion_passenger/abstract_server.rb:196:in `start_synchronously'

Rendering /home/www/marevela/public/404.html (404 Not Found)


Processing ApplicationController#index (for 90.4.127.160 at 2009-11-15 23:37:16) [GET]

ActionController::RoutingError (No route matches "/visitor" with {:method=>:get}):
  passenger (2.2.5) lib/phusion_passenger/rack/request_handler.rb:95:in `process_request'
  passenger (2.2.5) lib/phusion_passenger/abstract_request_handler.rb:207:in `main_loop'
  passenger (2.2.5) lib/phusion_passenger/railz/application_spawner.rb:378:in `start_request_handler'
  passenger (2.2.5) lib/phusion_passenger/railz/application_spawner.rb:336:in `handle_spawn_application'
  passenger (2.2.5) lib/phusion_passenger/utils.rb:183:in `safe_fork'
  passenger (2.2.5) lib/phusion_passenger/railz/application_spawner.rb:334:in `handle_spawn_application'
  passenger (2.2.5) lib/phusion_passenger/abstract_server.rb:352:in `__send__'
  passenger (2.2.5) lib/phusion_passenger/abstract_server.rb:352:in `main_loop'
  passenger (2.2.5) lib/phusion_passenger/abstract_server.rb:196:in `start_synchronously'
  passenger (2.2.5) lib/phusion_passenger/abstract_server.rb:163:in `start'
  passenger (2.2.5) lib/phusion_passenger/railz/application_spawner.rb:213:in `start'
  passenger (2.2.5) lib/phusion_passenger/spawn_manager.rb:262:in `spawn_rails_application'
  passenger (2.2.5) lib/phusion_passenger/abstract_server_collection.rb:126:in `lookup_or_add'
  passenger (2.2.5) lib/phusion_passenger/spawn_manager.rb:256:in `spawn_rails_application'
  passenger (2.2.5) lib/phusion_passenger/abstract_server_collection.rb:80:in `synchronize'
  passenger (2.2.5) lib/phusion_passenger/abstract_server_collection.rb:79:in `synchronize'
  passenger (2.2.5) lib/phusion_passenger/spawn_manager.rb:255:in `spawn_rails_application'
  passenger (2.2.5) lib/phusion_passenger/spawn_manager.rb:154:in `spawn_application'
  passenger (2.2.5) lib/phusion_passenger/spawn_manager.rb:287:in `handle_spawn_application'
  passenger (2.2.5) lib/phusion_passenger/abstract_server.rb:352:in `__send__'
  passenger (2.2.5) lib/phusion_passenger/abstract_server.rb:352:in `main_loop'
  passenger (2.2.5) lib/phusion_passenger/abstract_server.rb:196:in `start_synchronously'

Rendering /home/www/marevela/public/404.html (404 Not Found)


Processing VisitorController#index (for 90.4.127.160 at 2009-11-15 23:40:00) [GET]
Rendering template within layouts/visitor
Rendering visitor/index
Completed in 192ms (View: 7, DB: 1) | 200 OK [http://marevela.adhock.org/visitor]


Processing VisitorController#index (for 90.4.127.160 at 2009-11-15 23:41:06) [GET]
Rendering template within layouts/visitor
Rendering visitor/index
Completed in 6ms (View: 4, DB: 0) | 200 OK [http://marevela.adhock.org/visitor]


Processing VisitorController#index (for 90.4.127.160 at 2009-11-15 23:41:08) [GET]
Rendering template within layouts/visitor
Rendering visitor/index
Completed in 6ms (View: 4, DB: 0) | 200 OK [http://marevela.adhock.org/visitor]


Processing VisitorController#index (for 90.4.127.160 at 2009-11-15 23:41:08) [GET]
Rendering template within layouts/visitor
Rendering visitor/index
Completed in 6ms (View: 4, DB: 0) | 200 OK [http://marevela.adhock.org/visitor]


Processing VisitorController#index (for 90.4.127.160 at 2009-11-15 23:42:31) [GET]
Rendering template within layouts/visitor
Rendering visitor/index
Completed in 193ms (View: 7, DB: 1) | 200 OK [http://marevela.adhock.org/visitor]
